  glad.c
  Icso.cpp
h:\year 3\shaders\pntrianglessolution\pntriangles\include\icso.h(14): warning C4305: 'initializing': truncation from 'double' to 'const float'
h:\year 3\shaders\pntrianglessolution\pntriangles\include\icso.h(15): warning C4305: 'initializing': truncation from 'double' to 'const float'
  Source.cpp
h:\year 3\shaders\pntrianglessolution\pntriangles\include\icso.h(14): warning C4305: 'initializing': truncation from 'double' to 'const float'
h:\year 3\shaders\pntrianglessolution\pntriangles\include\icso.h(15): warning C4305: 'initializing': truncation from 'double' to 'const float'
h:\year 3\shaders\pntrianglessolution\pntriangles\src\source.cpp(140): warning C4244: 'initializing': conversion from 'double' to 'float', possible loss of data
h:\year 3\shaders\pntrianglessolution\pntriangles\src\source.cpp(158): warning C4244: 'initializing': conversion from 'double' to 'float', possible loss of data
h:\year 3\shaders\pntrianglessolution\pntriangles\src\source.cpp(170): warning C4305: 'argument': truncation from 'double' to 'float'
h:\year 3\shaders\pntrianglessolution\pntriangles\src\source.cpp(171): warning C4305: 'argument': truncation from 'double' to 'float'
h:\year 3\shaders\pntrianglessolution\pntriangles\src\source.cpp(220): warning C4244: '=': conversion from 'double' to 'float', possible loss of data
h:\year 3\shaders\pntrianglessolution\pntriangles\src\source.cpp(221): warning C4244: '=': conversion from 'double' to 'float', possible loss of data
h:\year 3\shaders\pntrianglessolution\pntriangles\src\source.cpp(225): warning C4244: 'initializing': conversion from 'double' to 'float', possible loss of data
h:\year 3\shaders\pntrianglessolution\pntriangles\src\source.cpp(226): warning C4244: 'initializing': conversion from 'double' to 'float', possible loss of data
h:\year 3\shaders\pntrianglessolution\pntriangles\src\source.cpp(228): warning C4244: '=': conversion from 'double' to 'float', possible loss of data
h:\year 3\shaders\pntrianglessolution\pntriangles\src\source.cpp(229): warning C4244: '=': conversion from 'double' to 'float', possible loss of data
h:\year 3\shaders\pntrianglessolution\pntriangles\src\source.cpp(238): warning C4244: 'argument': conversion from 'double' to 'float', possible loss of data
  stb_image.cpp
  Generating Code...
glfw3.lib(context.obj) : warning LNK4099: PDB 'glfw.pdb' was not found with 'glfw3.lib(context.obj)' or at 'H:\year 3\Shaders\PNtrianglesSolution\Debug\glfw.pdb'; linking object as if no debug info
glfw3.lib(init.obj) : warning LNK4099: PDB 'glfw.pdb' was not found with 'glfw3.lib(init.obj)' or at 'H:\year 3\Shaders\PNtrianglesSolution\Debug\glfw.pdb'; linking object as if no debug info
glfw3.lib(input.obj) : warning LNK4099: PDB 'glfw.pdb' was not found with 'glfw3.lib(input.obj)' or at 'H:\year 3\Shaders\PNtrianglesSolution\Debug\glfw.pdb'; linking object as if no debug info
glfw3.lib(monitor.obj) : warning LNK4099: PDB 'glfw.pdb' was not found with 'glfw3.lib(monitor.obj)' or at 'H:\year 3\Shaders\PNtrianglesSolution\Debug\glfw.pdb'; linking object as if no debug info
glfw3.lib(vulkan.obj) : warning LNK4099: PDB 'glfw.pdb' was not found with 'glfw3.lib(vulkan.obj)' or at 'H:\year 3\Shaders\PNtrianglesSolution\Debug\glfw.pdb'; linking object as if no debug info
glfw3.lib(window.obj) : warning LNK4099: PDB 'glfw.pdb' was not found with 'glfw3.lib(window.obj)' or at 'H:\year 3\Shaders\PNtrianglesSolution\Debug\glfw.pdb'; linking object as if no debug info
glfw3.lib(win32_init.obj) : warning LNK4099: PDB 'glfw.pdb' was not found with 'glfw3.lib(win32_init.obj)' or at 'H:\year 3\Shaders\PNtrianglesSolution\Debug\glfw.pdb'; linking object as if no debug info
glfw3.lib(win32_joystick.obj) : warning LNK4099: PDB 'glfw.pdb' was not found with 'glfw3.lib(win32_joystick.obj)' or at 'H:\year 3\Shaders\PNtrianglesSolution\Debug\glfw.pdb'; linking object as if no debug info
glfw3.lib(win32_monitor.obj) : warning LNK4099: PDB 'glfw.pdb' was not found with 'glfw3.lib(win32_monitor.obj)' or at 'H:\year 3\Shaders\PNtrianglesSolution\Debug\glfw.pdb'; linking object as if no debug info
glfw3.lib(win32_time.obj) : warning LNK4099: PDB 'glfw.pdb' was not found with 'glfw3.lib(win32_time.obj)' or at 'H:\year 3\Shaders\PNtrianglesSolution\Debug\glfw.pdb'; linking object as if no debug info
glfw3.lib(win32_thread.obj) : warning LNK4099: PDB 'glfw.pdb' was not found with 'glfw3.lib(win32_thread.obj)' or at 'H:\year 3\Shaders\PNtrianglesSolution\Debug\glfw.pdb'; linking object as if no debug info
glfw3.lib(win32_window.obj) : warning LNK4099: PDB 'glfw.pdb' was not found with 'glfw3.lib(win32_window.obj)' or at 'H:\year 3\Shaders\PNtrianglesSolution\Debug\glfw.pdb'; linking object as if no debug info
glfw3.lib(wgl_context.obj) : warning LNK4099: PDB 'glfw.pdb' was not found with 'glfw3.lib(wgl_context.obj)' or at 'H:\year 3\Shaders\PNtrianglesSolution\Debug\glfw.pdb'; linking object as if no debug info
glfw3.lib(egl_context.obj) : warning LNK4099: PDB 'glfw.pdb' was not found with 'glfw3.lib(egl_context.obj)' or at 'H:\year 3\Shaders\PNtrianglesSolution\Debug\glfw.pdb'; linking object as if no debug info
glfw3.lib(osmesa_context.obj) : warning LNK4099: PDB 'glfw.pdb' was not found with 'glfw3.lib(osmesa_context.obj)' or at 'H:\year 3\Shaders\PNtrianglesSolution\Debug\glfw.pdb'; linking object as if no debug info
  PNtriangles.vcxproj -> H:\year 3\Shaders\PNtrianglesSolution\Debug\PNtriangles.exe
